117.05.13 07:19 B F:\GitHub\web\io2life\assets\js\demo.js <-- io2better /var/www/html/io2life/assets/js demo.js
117.05.13 07:19 B F:\GitHub\web\io2life\assets\js\demo_each_room.js <-- io2better /var/www/html/io2life/assets/js demo_each_room.js
117.05.13 07:19 B F:\GitHub\web\io2life\assets\js\demo_master_detail.js <-- io2better /var/www/html/io2life/assets/js demo_master_detail.js
117.05.13 07:19 B F:\GitHub\web\io2life\assets\js\demo_realtime.js <-- io2better /var/www/html/io2life/assets/js demo_realtime.js
117.05.13 07:19 B F:\GitHub\web\io2life\assets\js\jquery-1.11.1.js <-- io2better /var/www/html/io2life/assets/js jquery-1.11.1.js
117.05.13 07:19 B F:\GitHub\web\io2life\assets\js\jquery-1.11.1.min.js <-- io2better /var/www/html/io2life/assets/js jquery-1.11.1.min.js
117.05.13 07:19 B F:\GitHub\web\io2life\assets\js\jquery.backstretch.js <-- io2better /var/www/html/io2life/assets/js jquery.backstretch.js
117.05.13 07:19 B F:\GitHub\web\io2life\assets\js\jquery.backstretch.min.js <-- io2better /var/www/html/io2life/assets/js jquery.backstretch.min.js
117.05.13 07:19 B F:\GitHub\web\io2life\assets\js\placeholder.js <-- io2better /var/www/html/io2life/assets/js placeholder.js
117.05.13 07:19 B F:\GitHub\web\io2life\assets\js\scripts.js <-- io2better /var/www/html/io2life/assets/js scripts.js
117.05.13 07:21 B F:\GitHub\web\io2life\assets\js\demo.js --> io2better.net /var/www/html/assets/js demo.js
117.05.13 07:21 B F:\GitHub\web\io2life\assets\js\demo_each_room.js --> io2better.net /var/www/html/assets/js demo_each_room.js
117.05.13 07:21 B F:\GitHub\web\io2life\assets\js\demo_master_detail.js --> io2better.net /var/www/html/assets/js demo_master_detail.js
117.05.13 07:21 B F:\GitHub\web\io2life\assets\js\demo_realtime.js --> io2better.net /var/www/html/assets/js demo_realtime.js
117.05.13 07:21 B F:\GitHub\web\io2life\assets\js\jquery-1.11.1.js --> io2better.net /var/www/html/assets/js jquery-1.11.1.js
117.05.13 07:21 B F:\GitHub\web\io2life\assets\js\jquery-1.11.1.min.js --> io2better.net /var/www/html/assets/js jquery-1.11.1.min.js
117.05.13 07:21 B F:\GitHub\web\io2life\assets\js\jquery.backstretch.js --> io2better.net /var/www/html/assets/js jquery.backstretch.js
117.05.13 07:21 B F:\GitHub\web\io2life\assets\js\jquery.backstretch.min.js --> io2better.net /var/www/html/assets/js jquery.backstretch.min.js
117.05.13 07:21 B F:\GitHub\web\io2life\assets\js\placeholder.js --> io2better.net /var/www/html/assets/js placeholder.js
117.05.13 07:21 B F:\GitHub\web\io2life\assets\js\scripts.js --> io2better.net /var/www/html/assets/js scripts.js
117.05.13 07:21 B F:\GitHub\web\io2life\assets\js\WS_FTP.LOG --> io2better.net /var/www/html/assets/js WS_FTP.LOG
117.05.16 06:00 B F:\GitHub\web\io2life\assets\js\demo.js --> io2better.net /var/www/html/assets/js demo.js
117.05.16 06:44 B F:\GitHub\web\io2life\assets\js\demo.js --> io2better.net /var/www/html/assets/js demo.js
117.05.16 06:44 B F:\GitHub\web\io2life\assets\js\demo_0414_1.js --> io2better.net /var/www/html/assets/js demo_0414_1.js
117.05.16 06:44 B F:\GitHub\web\io2life\assets\js\demo_back0413.js --> io2better.net /var/www/html/assets/js demo_back0413.js
117.05.16 06:44 B F:\GitHub\web\io2life\assets\js\demo_each_room.js --> io2better.net /var/www/html/assets/js demo_each_room.js
117.05.16 06:44 B F:\GitHub\web\io2life\assets\js\demo_g.js --> io2better.net /var/www/html/assets/js demo_g.js
117.05.16 06:44 B F:\GitHub\web\io2life\assets\js\demo_master_detail.js --> io2better.net /var/www/html/assets/js demo_master_detail.js
117.05.16 06:44 B F:\GitHub\web\io2life\assets\js\demo_realtime.js --> io2better.net /var/www/html/assets/js demo_realtime.js
117.05.16 06:44 B F:\GitHub\web\io2life\assets\js\jquery-1.11.1.js --> io2better.net /var/www/html/assets/js jquery-1.11.1.js
117.05.16 06:44 B F:\GitHub\web\io2life\assets\js\jquery-1.11.1.min.js --> io2better.net /var/www/html/assets/js jquery-1.11.1.min.js
117.05.16 06:44 B F:\GitHub\web\io2life\assets\js\jquery.backstretch.js --> io2better.net /var/www/html/assets/js jquery.backstretch.js
117.05.16 06:44 B F:\GitHub\web\io2life\assets\js\jquery.backstretch.min.js --> io2better.net /var/www/html/assets/js jquery.backstretch.min.js
117.05.16 06:44 B F:\GitHub\web\io2life\assets\js\placeholder.js --> io2better.net /var/www/html/assets/js placeholder.js
117.05.16 06:44 B F:\GitHub\web\io2life\assets\js\scripts.js --> io2better.net /var/www/html/assets/js scripts.js
117.05.16 06:44 B F:\GitHub\web\io2life\assets\js\test.js --> io2better.net /var/www/html/assets/js test.js
