117.05.13 07:18 B F:\GitHub\web\io2life\A_bootstrap\css\bootstrap-theme.css <-- io2better /var/www/html/io2life/A_bootstrap/css bootstrap-theme.css
117.05.13 07:18 B F:\GitHub\web\io2life\A_bootstrap\css\bootstrap-theme.css.map <-- io2better /var/www/html/io2life/A_bootstrap/css bootstrap-theme.css.map
117.05.13 07:18 B F:\GitHub\web\io2life\A_bootstrap\css\bootstrap-theme.min.css <-- io2better /var/www/html/io2life/A_bootstrap/css bootstrap-theme.min.css
117.05.13 07:18 B F:\GitHub\web\io2life\A_bootstrap\css\bootstrap-theme.min.css.map <-- io2better /var/www/html/io2life/A_bootstrap/css bootstrap-theme.min.css.map
117.05.13 07:18 B F:\GitHub\web\io2life\A_bootstrap\css\bootstrap.css <-- io2better /var/www/html/io2life/A_bootstrap/css bootstrap.css
117.05.13 07:18 B F:\GitHub\web\io2life\A_bootstrap\css\bootstrap.css.map <-- io2better /var/www/html/io2life/A_bootstrap/css bootstrap.css.map
117.05.13 07:18 B F:\GitHub\web\io2life\A_bootstrap\css\bootstrap.min.css <-- io2better /var/www/html/io2life/A_bootstrap/css bootstrap.min.css
117.05.13 07:18 B F:\GitHub\web\io2life\A_bootstrap\css\bootstrap.min.css.map <-- io2better /var/www/html/io2life/A_bootstrap/css bootstrap.min.css.map
117.05.13 07:20 B F:\GitHub\web\io2life\A_bootstrap\css\bootstrap-theme.css --> io2better.net /var/www/html/A_bootstrap/css bootstrap-theme.css
117.05.13 07:20 B F:\GitHub\web\io2life\A_bootstrap\css\bootstrap-theme.css.map --> io2better.net /var/www/html/A_bootstrap/css bootstrap-theme.css.map
117.05.13 07:20 B F:\GitHub\web\io2life\A_bootstrap\css\bootstrap-theme.min.css --> io2better.net /var/www/html/A_bootstrap/css bootstrap-theme.min.css
117.05.13 07:20 B F:\GitHub\web\io2life\A_bootstrap\css\bootstrap-theme.min.css.map --> io2better.net /var/www/html/A_bootstrap/css bootstrap-theme.min.css.map
117.05.13 07:20 B F:\GitHub\web\io2life\A_bootstrap\css\bootstrap.css --> io2better.net /var/www/html/A_bootstrap/css bootstrap.css
117.05.13 07:20 B F:\GitHub\web\io2life\A_bootstrap\css\bootstrap.css.map --> io2better.net /var/www/html/A_bootstrap/css bootstrap.css.map
117.05.13 07:20 B F:\GitHub\web\io2life\A_bootstrap\css\bootstrap.min.css --> io2better.net /var/www/html/A_bootstrap/css bootstrap.min.css
117.05.13 07:20 B F:\GitHub\web\io2life\A_bootstrap\css\bootstrap.min.css.map --> io2better.net /var/www/html/A_bootstrap/css bootstrap.min.css.map
117.05.13 07:20 B F:\GitHub\web\io2life\A_bootstrap\css\WS_FTP.LOG --> io2better.net /var/www/html/A_bootstrap/css WS_FTP.LOG
117.05.16 06:43 B F:\GitHub\web\io2life\A_bootstrap\css\bootstrap-theme.css --> io2better.net /var/www/html/A_bootstrap/css bootstrap-theme.css
117.05.16 06:43 B F:\GitHub\web\io2life\A_bootstrap\css\bootstrap-theme.css.map --> io2better.net /var/www/html/A_bootstrap/css bootstrap-theme.css.map
117.05.16 06:43 B F:\GitHub\web\io2life\A_bootstrap\css\bootstrap-theme.min.css --> io2better.net /var/www/html/A_bootstrap/css bootstrap-theme.min.css
117.05.16 06:43 B F:\GitHub\web\io2life\A_bootstrap\css\bootstrap-theme.min.css.map --> io2better.net /var/www/html/A_bootstrap/css bootstrap-theme.min.css.map
117.05.16 06:43 B F:\GitHub\web\io2life\A_bootstrap\css\bootstrap.css --> io2better.net /var/www/html/A_bootstrap/css bootstrap.css
117.05.16 06:43 B F:\GitHub\web\io2life\A_bootstrap\css\bootstrap.css.map --> io2better.net /var/www/html/A_bootstrap/css bootstrap.css.map
117.05.16 06:43 B F:\GitHub\web\io2life\A_bootstrap\css\bootstrap.min.css --> io2better.net /var/www/html/A_bootstrap/css bootstrap.min.css
117.05.16 06:43 B F:\GitHub\web\io2life\A_bootstrap\css\bootstrap.min.css.map --> io2better.net /var/www/html/A_bootstrap/css bootstrap.min.css.map
117.05.16 06:43 B F:\GitHub\web\io2life\A_bootstrap\css\WS_FTP.LOG --> io2better.net /var/www/html/A_bootstrap/css WS_FTP.LOG
