117.05.13 07:19 B F:\GitHub\web\io2life\adata_4_each_room.php <-- io2better /var/www/html/io2life adata_4_each_room.php
117.05.13 07:19 B F:\GitHub\web\io2life\aeach_room.csv <-- io2better /var/www/html/io2life aeach_room.csv
117.05.13 07:19 B F:\GitHub\web\io2life\calendar.gif <-- io2better /var/www/html/io2life calendar.gif
117.05.13 07:19 B F:\GitHub\web\io2life\class.user.php <-- io2better /var/www/html/io2life class.user.php
117.05.13 07:19 B F:\GitHub\web\io2life\data_4_n.php <-- io2better /var/www/html/io2life data_4_n.php
117.05.13 07:19 B F:\GitHub\web\io2life\data_4_n_test.php <-- io2better /var/www/html/io2life data_4_n_test.php
117.05.13 07:19 B F:\GitHub\web\io2life\data_4_room.php <-- io2better /var/www/html/io2life data_4_room.php
117.05.13 07:19 B F:\GitHub\web\io2life\dbconfig.php <-- io2better /var/www/html/io2life dbconfig.php
117.05.13 07:19 B F:\GitHub\web\io2life\dbtest.sql <-- io2better /var/www/html/io2life dbtest.sql
117.05.13 07:19 B F:\GitHub\web\io2life\each_room.php <-- io2better /var/www/html/io2life each_room.php
117.05.13 07:19 B F:\GitHub\web\io2life\firmware.php <-- io2better /var/www/html/io2life firmware.php
117.05.13 07:19 B F:\GitHub\web\io2life\fpass.php <-- io2better /var/www/html/io2life fpass.php
117.05.13 07:19 B F:\GitHub\web\io2life\home.php <-- io2better /var/www/html/io2life home.php
117.05.13 07:19 B F:\GitHub\web\io2life\index.php <-- io2better /var/www/html/io2life index.php
117.05.13 07:19 B F:\GitHub\web\io2life\live-server-data_0.php <-- io2better /var/www/html/io2life live-server-data_0.php
117.05.13 07:19 B F:\GitHub\web\io2life\logout.php <-- io2better /var/www/html/io2life logout.php
117.05.13 07:19 B F:\GitHub\web\io2life\realtime.php <-- io2better /var/www/html/io2life realtime.php
117.05.13 07:19 B F:\GitHub\web\io2life\resetpass.php <-- io2better /var/www/html/io2life resetpass.php
117.05.13 07:19 B F:\GitHub\web\io2life\room_1.php <-- io2better /var/www/html/io2life room_1.php
117.05.13 07:19 B F:\GitHub\web\io2life\roomlabel.php <-- io2better /var/www/html/io2life roomlabel.php
117.05.13 07:19 B F:\GitHub\web\io2life\signup.php <-- io2better /var/www/html/io2life signup.php
117.05.13 07:19 B F:\GitHub\web\io2life\tempsettings.php <-- io2better /var/www/html/io2life tempsettings.php
117.05.13 07:19 B F:\GitHub\web\io2life\usersetting_3.php <-- io2better /var/www/html/io2life usersetting_3.php
117.05.13 07:19 B F:\GitHub\web\io2life\usersetting_4.php <-- io2better /var/www/html/io2life usersetting_4.php
117.05.13 07:19 B F:\GitHub\web\io2life\verify.php <-- io2better /var/www/html/io2life verify.php
117.05.13 07:20 B F:\GitHub\web\io2life\usersetting_3.php --> io2better.net /var/www/html usersetting_3.php
117.05.13 07:21 B F:\GitHub\web\io2life\adata_4_each_room.php --> io2better.net /var/www/html adata_4_each_room.php
117.05.13 07:21 B F:\GitHub\web\io2life\aeach_room.csv --> io2better.net /var/www/html aeach_room.csv
117.05.13 07:21 B F:\GitHub\web\io2life\calendar.gif --> io2better.net /var/www/html calendar.gif
117.05.13 07:21 B F:\GitHub\web\io2life\class.user.php --> io2better.net /var/www/html class.user.php
117.05.13 07:21 B F:\GitHub\web\io2life\data_4_n.php --> io2better.net /var/www/html data_4_n.php
117.05.13 07:21 B F:\GitHub\web\io2life\data_4_n_test.php --> io2better.net /var/www/html data_4_n_test.php
117.05.13 07:21 B F:\GitHub\web\io2life\data_4_room.php --> io2better.net /var/www/html data_4_room.php
117.05.13 07:21 B F:\GitHub\web\io2life\dbconfig.php --> io2better.net /var/www/html dbconfig.php
117.05.13 07:21 B F:\GitHub\web\io2life\dbtest.sql --> io2better.net /var/www/html dbtest.sql
117.05.13 07:21 B F:\GitHub\web\io2life\each_room.php --> io2better.net /var/www/html each_room.php
117.05.13 07:21 B F:\GitHub\web\io2life\firmware.php --> io2better.net /var/www/html firmware.php
117.05.13 07:21 B F:\GitHub\web\io2life\fpass.php --> io2better.net /var/www/html fpass.php
117.05.13 07:21 B F:\GitHub\web\io2life\home.php --> io2better.net /var/www/html home.php
117.05.13 07:21 B F:\GitHub\web\io2life\index.php --> io2better.net /var/www/html index.php
117.05.13 07:21 B F:\GitHub\web\io2life\live-server-data_0.php --> io2better.net /var/www/html live-server-data_0.php
117.05.13 07:21 B F:\GitHub\web\io2life\logout.php --> io2better.net /var/www/html logout.php
117.05.13 07:21 B F:\GitHub\web\io2life\realtime.php --> io2better.net /var/www/html realtime.php
117.05.13 07:21 B F:\GitHub\web\io2life\resetpass.php --> io2better.net /var/www/html resetpass.php
117.05.13 07:21 B F:\GitHub\web\io2life\room_1.php --> io2better.net /var/www/html room_1.php
117.05.13 07:21 B F:\GitHub\web\io2life\roomlabel.php --> io2better.net /var/www/html roomlabel.php
117.05.13 07:21 B F:\GitHub\web\io2life\signup.php --> io2better.net /var/www/html signup.php
117.05.13 07:21 B F:\GitHub\web\io2life\tempsettings.php --> io2better.net /var/www/html tempsettings.php
117.05.13 07:21 B F:\GitHub\web\io2life\usersetting_3.php --> io2better.net /var/www/html usersetting_3.php
117.05.13 07:21 B F:\GitHub\web\io2life\usersetting_4.php --> io2better.net /var/www/html usersetting_4.php
117.05.13 07:21 B F:\GitHub\web\io2life\verify.php --> io2better.net /var/www/html verify.php
117.05.13 07:21 B F:\GitHub\web\io2life\WS_FTP.LOG --> io2better.net /var/www/html WS_FTP.LOG
117.05.14 11:45 B F:\GitHub\web\io2life\dbconfig.php <-- io2better /var/www/html dbconfig.php
117.05.14 20:00 B F:\GitHub\web\io2life\signup.php --> io2better.net /var/www/html signup.php
117.05.14 20:25 B F:\GitHub\web\io2life\usersetting_4.php --> io2better.net /var/www/html usersetting_4.php
117.05.14 20:25 B F:\GitHub\web\io2life\usersetting_3.php --> io2better.net /var/www/html usersetting_3.php
117.05.14 20:34 B F:\GitHub\web\io2life\aeach_room.csv <-- io2better /var/www/html aeach_room.csv
117.05.16 06:12 B F:\GitHub\web\io2life\home.php --> io2better.net /var/www/html home.php
117.05.16 06:45 B F:\GitHub\web\io2life\.gitattributes --> io2better.net /var/www/html .gitattributes
117.05.16 06:45 B F:\GitHub\web\io2life\.gitignore --> io2better.net /var/www/html .gitignore
117.05.16 06:45 B F:\GitHub\web\io2life\adata_4_each_room.php --> io2better.net /var/www/html adata_4_each_room.php
117.05.16 06:45 B F:\GitHub\web\io2life\aeach_room.csv --> io2better.net /var/www/html aeach_room.csv
117.05.16 06:45 B F:\GitHub\web\io2life\calendar.gif --> io2better.net /var/www/html calendar.gif
117.05.16 06:45 B F:\GitHub\web\io2life\class.user.php --> io2better.net /var/www/html class.user.php
117.05.16 06:45 B F:\GitHub\web\io2life\data_4_n.php --> io2better.net /var/www/html data_4_n.php
117.05.16 06:45 B F:\GitHub\web\io2life\data_4_n_test.php --> io2better.net /var/www/html data_4_n_test.php
117.05.16 06:45 B F:\GitHub\web\io2life\data_4_room.php --> io2better.net /var/www/html data_4_room.php
117.05.16 06:45 B F:\GitHub\web\io2life\dbconfig.php --> io2better.net /var/www/html dbconfig.php
117.05.16 06:45 B F:\GitHub\web\io2life\dbtest.sql --> io2better.net /var/www/html dbtest.sql
117.05.16 06:45 B F:\GitHub\web\io2life\each_room.php --> io2better.net /var/www/html each_room.php
117.05.16 06:45 B F:\GitHub\web\io2life\firmware.php --> io2better.net /var/www/html firmware.php
117.05.16 06:45 B F:\GitHub\web\io2life\fpass.php --> io2better.net /var/www/html fpass.php
117.05.16 06:45 B F:\GitHub\web\io2life\home.php --> io2better.net /var/www/html home.php
117.05.16 06:45 B F:\GitHub\web\io2life\index.php --> io2better.net /var/www/html index.php
117.05.16 06:45 B F:\GitHub\web\io2life\live-server-data_0.php --> io2better.net /var/www/html live-server-data_0.php
117.05.16 06:45 B F:\GitHub\web\io2life\logout.php --> io2better.net /var/www/html logout.php
117.05.16 06:45 B F:\GitHub\web\io2life\realtime.php --> io2better.net /var/www/html realtime.php
117.05.16 06:45 B F:\GitHub\web\io2life\resetpass.php --> io2better.net /var/www/html resetpass.php
117.05.16 06:45 B F:\GitHub\web\io2life\room_1.php --> io2better.net /var/www/html room_1.php
117.05.16 06:45 B F:\GitHub\web\io2life\roomlabel.php --> io2better.net /var/www/html roomlabel.php
117.05.16 06:45 B F:\GitHub\web\io2life\signup.php --> io2better.net /var/www/html signup.php
117.05.16 06:45 B F:\GitHub\web\io2life\tempsettings.php --> io2better.net /var/www/html tempsettings.php
117.05.16 06:45 B F:\GitHub\web\io2life\usersetting_3.php --> io2better.net /var/www/html usersetting_3.php
117.05.16 06:45 B F:\GitHub\web\io2life\usersetting_4.php --> io2better.net /var/www/html usersetting_4.php
117.05.16 06:45 B F:\GitHub\web\io2life\verify.php --> io2better.net /var/www/html verify.php
117.05.16 06:45 B F:\GitHub\web\io2life\WS_FTP.LOG --> io2better.net /var/www/html WS_FTP.LOG
117.05.16 06:49 B F:\GitHub\web\io2life\each_room.php --> io2better.net /var/www/html each_room.php
