117.05.13 07:19 B F:\GitHub\web\io2life\dist\img\130502140009.850.gif <-- io2better /var/www/html/io2life/dist/img 130502140009.850.gif
117.05.13 07:19 B F:\GitHub\web\io2life\dist\img\__user2-160x160 (2).jpg <-- io2better /var/www/html/io2life/dist/img __user2-160x160 (2).jpg
117.05.13 07:19 B F:\GitHub\web\io2life\dist\img\__user2-160x160.jpg <-- io2better /var/www/html/io2life/dist/img __user2-160x160.jpg
117.05.13 07:19 B F:\GitHub\web\io2life\dist\img\_user2-160x160.jpg <-- io2better /var/www/html/io2life/dist/img _user2-160x160.jpg
117.05.13 07:19 B F:\GitHub\web\io2life\dist\img\unnamed.png <-- io2better /var/www/html/io2life/dist/img unnamed.png
117.05.13 07:19 B F:\GitHub\web\io2life\dist\img\user2-160x160.jpg <-- io2better /var/www/html/io2life/dist/img user2-160x160.jpg
117.05.13 07:19 B F:\GitHub\web\io2life\dist\img\user3.png <-- io2better /var/www/html/io2life/dist/img user3.png
117.05.13 07:19 B F:\GitHub\web\io2life\dist\img\user4.png <-- io2better /var/www/html/io2life/dist/img user4.png
117.05.13 07:21 B F:\GitHub\web\io2life\dist\img\130502140009.850.gif --> io2better.net /var/www/html/dist/img 130502140009.850.gif
117.05.13 07:21 B F:\GitHub\web\io2life\dist\img\__user2-160x160 (2).jpg --> io2better.net /var/www/html/dist/img __user2-160x160 (2).jpg
117.05.13 07:21 B F:\GitHub\web\io2life\dist\img\__user2-160x160.jpg --> io2better.net /var/www/html/dist/img __user2-160x160.jpg
117.05.13 07:21 B F:\GitHub\web\io2life\dist\img\_user2-160x160.jpg --> io2better.net /var/www/html/dist/img _user2-160x160.jpg
117.05.13 07:21 B F:\GitHub\web\io2life\dist\img\unnamed.png --> io2better.net /var/www/html/dist/img unnamed.png
117.05.13 07:21 B F:\GitHub\web\io2life\dist\img\user2-160x160.jpg --> io2better.net /var/www/html/dist/img user2-160x160.jpg
117.05.13 07:21 B F:\GitHub\web\io2life\dist\img\user3.png --> io2better.net /var/www/html/dist/img user3.png
117.05.13 07:21 B F:\GitHub\web\io2life\dist\img\user4.png --> io2better.net /var/www/html/dist/img user4.png
117.05.13 07:21 B F:\GitHub\web\io2life\dist\img\WS_FTP.LOG --> io2better.net /var/www/html/dist/img WS_FTP.LOG
117.05.16 06:44 B F:\GitHub\web\io2life\dist\img\130502140009.850.gif --> io2better.net /var/www/html/dist/img 130502140009.850.gif
117.05.16 06:44 B F:\GitHub\web\io2life\dist\img\__user2-160x160 (2).jpg --> io2better.net /var/www/html/dist/img __user2-160x160 (2).jpg
117.05.16 06:44 B F:\GitHub\web\io2life\dist\img\__user2-160x160.jpg --> io2better.net /var/www/html/dist/img __user2-160x160.jpg
117.05.16 06:44 B F:\GitHub\web\io2life\dist\img\_user2-160x160.jpg --> io2better.net /var/www/html/dist/img _user2-160x160.jpg
117.05.16 06:44 B F:\GitHub\web\io2life\dist\img\unnamed.png --> io2better.net /var/www/html/dist/img unnamed.png
117.05.16 06:44 B F:\GitHub\web\io2life\dist\img\user2-160x160.jpg --> io2better.net /var/www/html/dist/img user2-160x160.jpg
117.05.16 06:44 B F:\GitHub\web\io2life\dist\img\user3.png --> io2better.net /var/www/html/dist/img user3.png
117.05.16 06:44 B F:\GitHub\web\io2life\dist\img\user4.png --> io2better.net /var/www/html/dist/img user4.png
