117.05.13 07:19 B F:\GitHub\web\io2life\plugins\datepicker\locales\bootstrap-datepicker.ar.js <-- io2better /var/www/html/io2life/plugins/datepicker/locales bootstrap-datepicker.ar.js
117.05.13 07:19 B F:\GitHub\web\io2life\plugins\datepicker\locales\bootstrap-datepicker.az.js <-- io2better /var/www/html/io2life/plugins/datepicker/locales bootstrap-datepicker.az.js
117.05.13 07:19 B F:\GitHub\web\io2life\plugins\datepicker\locales\bootstrap-datepicker.bg.js <-- io2better /var/www/html/io2life/plugins/datepicker/locales bootstrap-datepicker.bg.js
117.05.13 07:19 B F:\GitHub\web\io2life\plugins\datepicker\locales\bootstrap-datepicker.ca.js <-- io2better /var/www/html/io2life/plugins/datepicker/locales bootstrap-datepicker.ca.js
117.05.13 07:19 B F:\GitHub\web\io2life\plugins\datepicker\locales\bootstrap-datepicker.cs.js <-- io2better /var/www/html/io2life/plugins/datepicker/locales bootstrap-datepicker.cs.js
117.05.13 07:19 B F:\GitHub\web\io2life\plugins\datepicker\locales\bootstrap-datepicker.cy.js <-- io2better /var/www/html/io2life/plugins/datepicker/locales bootstrap-datepicker.cy.js
117.05.13 07:19 B F:\GitHub\web\io2life\plugins\datepicker\locales\bootstrap-datepicker.da.js <-- io2better /var/www/html/io2life/plugins/datepicker/locales bootstrap-datepicker.da.js
117.05.13 07:19 B F:\GitHub\web\io2life\plugins\datepicker\locales\bootstrap-datepicker.de.js <-- io2better /var/www/html/io2life/plugins/datepicker/locales bootstrap-datepicker.de.js
117.05.13 07:19 B F:\GitHub\web\io2life\plugins\datepicker\locales\bootstrap-datepicker.el.js <-- io2better /var/www/html/io2life/plugins/datepicker/locales bootstrap-datepicker.el.js
117.05.13 07:19 B F:\GitHub\web\io2life\plugins\datepicker\locales\bootstrap-datepicker.es.js <-- io2better /var/www/html/io2life/plugins/datepicker/locales bootstrap-datepicker.es.js
117.05.13 07:19 B F:\GitHub\web\io2life\plugins\datepicker\locales\bootstrap-datepicker.et.js <-- io2better /var/www/html/io2life/plugins/datepicker/locales bootstrap-datepicker.et.js
117.05.13 07:19 B F:\GitHub\web\io2life\plugins\datepicker\locales\bootstrap-datepicker.fa.js <-- io2better /var/www/html/io2life/plugins/datepicker/locales bootstrap-datepicker.fa.js
117.05.13 07:19 B F:\GitHub\web\io2life\plugins\datepicker\locales\bootstrap-datepicker.fi.js <-- io2better /var/www/html/io2life/plugins/datepicker/locales bootstrap-datepicker.fi.js
117.05.13 07:19 B F:\GitHub\web\io2life\plugins\datepicker\locales\bootstrap-datepicker.fr.js <-- io2better /var/www/html/io2life/plugins/datepicker/locales bootstrap-datepicker.fr.js
117.05.13 07:19 B F:\GitHub\web\io2life\plugins\datepicker\locales\bootstrap-datepicker.gl.js <-- io2better /var/www/html/io2life/plugins/datepicker/locales bootstrap-datepicker.gl.js
117.05.13 07:19 B F:\GitHub\web\io2life\plugins\datepicker\locales\bootstrap-datepicker.he.js <-- io2better /var/www/html/io2life/plugins/datepicker/locales bootstrap-datepicker.he.js
117.05.13 07:19 B F:\GitHub\web\io2life\plugins\datepicker\locales\bootstrap-datepicker.hr.js <-- io2better /var/www/html/io2life/plugins/datepicker/locales bootstrap-datepicker.hr.js
117.05.13 07:19 B F:\GitHub\web\io2life\plugins\datepicker\locales\bootstrap-datepicker.hu.js <-- io2better /var/www/html/io2life/plugins/datepicker/locales bootstrap-datepicker.hu.js
117.05.13 07:19 B F:\GitHub\web\io2life\plugins\datepicker\locales\bootstrap-datepicker.id.js <-- io2better /var/www/html/io2life/plugins/datepicker/locales bootstrap-datepicker.id.js
117.05.13 07:19 B F:\GitHub\web\io2life\plugins\datepicker\locales\bootstrap-datepicker.is.js <-- io2better /var/www/html/io2life/plugins/datepicker/locales bootstrap-datepicker.is.js
117.05.13 07:19 B F:\GitHub\web\io2life\plugins\datepicker\locales\bootstrap-datepicker.it.js <-- io2better /var/www/html/io2life/plugins/datepicker/locales bootstrap-datepicker.it.js
117.05.13 07:19 B F:\GitHub\web\io2life\plugins\datepicker\locales\bootstrap-datepicker.ja.js <-- io2better /var/www/html/io2life/plugins/datepicker/locales bootstrap-datepicker.ja.js
117.05.13 07:19 B F:\GitHub\web\io2life\plugins\datepicker\locales\bootstrap-datepicker.ka.js <-- io2better /var/www/html/io2life/plugins/datepicker/locales bootstrap-datepicker.ka.js
117.05.13 07:19 B F:\GitHub\web\io2life\plugins\datepicker\locales\bootstrap-datepicker.kk.js <-- io2better /var/www/html/io2life/plugins/datepicker/locales bootstrap-datepicker.kk.js
117.05.13 07:19 B F:\GitHub\web\io2life\plugins\datepicker\locales\bootstrap-datepicker.kr.js <-- io2better /var/www/html/io2life/plugins/datepicker/locales bootstrap-datepicker.kr.js
117.05.13 07:19 B F:\GitHub\web\io2life\plugins\datepicker\locales\bootstrap-datepicker.lt.js <-- io2better /var/www/html/io2life/plugins/datepicker/locales bootstrap-datepicker.lt.js
117.05.13 07:19 B F:\GitHub\web\io2life\plugins\datepicker\locales\bootstrap-datepicker.lv.js <-- io2better /var/www/html/io2life/plugins/datepicker/locales bootstrap-datepicker.lv.js
117.05.13 07:19 B F:\GitHub\web\io2life\plugins\datepicker\locales\bootstrap-datepicker.mk.js <-- io2better /var/www/html/io2life/plugins/datepicker/locales bootstrap-datepicker.mk.js
117.05.13 07:19 B F:\GitHub\web\io2life\plugins\datepicker\locales\bootstrap-datepicker.ms.js <-- io2better /var/www/html/io2life/plugins/datepicker/locales bootstrap-datepicker.ms.js
117.05.13 07:19 B F:\GitHub\web\io2life\plugins\datepicker\locales\bootstrap-datepicker.nb.js <-- io2better /var/www/html/io2life/plugins/datepicker/locales bootstrap-datepicker.nb.js
117.05.13 07:19 B F:\GitHub\web\io2life\plugins\datepicker\locales\bootstrap-datepicker.nl-BE.js <-- io2better /var/www/html/io2life/plugins/datepicker/locales bootstrap-datepicker.nl-BE.js
117.05.13 07:19 B F:\GitHub\web\io2life\plugins\datepicker\locales\bootstrap-datepicker.nl.js <-- io2better /var/www/html/io2life/plugins/datepicker/locales bootstrap-datepicker.nl.js
117.05.13 07:19 B F:\GitHub\web\io2life\plugins\datepicker\locales\bootstrap-datepicker.no.js <-- io2better /var/www/html/io2life/plugins/datepicker/locales bootstrap-datepicker.no.js
117.05.13 07:19 B F:\GitHub\web\io2life\plugins\datepicker\locales\bootstrap-datepicker.pl.js <-- io2better /var/www/html/io2life/plugins/datepicker/locales bootstrap-datepicker.pl.js
117.05.13 07:19 B F:\GitHub\web\io2life\plugins\datepicker\locales\bootstrap-datepicker.pt-BR.js <-- io2better /var/www/html/io2life/plugins/datepicker/locales bootstrap-datepicker.pt-BR.js
117.05.13 07:19 B F:\GitHub\web\io2life\plugins\datepicker\locales\bootstrap-datepicker.pt.js <-- io2better /var/www/html/io2life/plugins/datepicker/locales bootstrap-datepicker.pt.js
117.05.13 07:19 B F:\GitHub\web\io2life\plugins\datepicker\locales\bootstrap-datepicker.ro.js <-- io2better /var/www/html/io2life/plugins/datepicker/locales bootstrap-datepicker.ro.js
117.05.13 07:19 B F:\GitHub\web\io2life\plugins\datepicker\locales\bootstrap-datepicker.rs-latin.js <-- io2better /var/www/html/io2life/plugins/datepicker/locales bootstrap-datepicker.rs-latin.js
117.05.13 07:19 B F:\GitHub\web\io2life\plugins\datepicker\locales\bootstrap-datepicker.rs.js <-- io2better /var/www/html/io2life/plugins/datepicker/locales bootstrap-datepicker.rs.js
117.05.13 07:19 B F:\GitHub\web\io2life\plugins\datepicker\locales\bootstrap-datepicker.ru.js <-- io2better /var/www/html/io2life/plugins/datepicker/locales bootstrap-datepicker.ru.js
117.05.13 07:19 B F:\GitHub\web\io2life\plugins\datepicker\locales\bootstrap-datepicker.sk.js <-- io2better /var/www/html/io2life/plugins/datepicker/locales bootstrap-datepicker.sk.js
117.05.13 07:19 B F:\GitHub\web\io2life\plugins\datepicker\locales\bootstrap-datepicker.sl.js <-- io2better /var/www/html/io2life/plugins/datepicker/locales bootstrap-datepicker.sl.js
117.05.13 07:19 B F:\GitHub\web\io2life\plugins\datepicker\locales\bootstrap-datepicker.sq.js <-- io2better /var/www/html/io2life/plugins/datepicker/locales bootstrap-datepicker.sq.js
117.05.13 07:19 B F:\GitHub\web\io2life\plugins\datepicker\locales\bootstrap-datepicker.sv.js <-- io2better /var/www/html/io2life/plugins/datepicker/locales bootstrap-datepicker.sv.js
117.05.13 07:19 B F:\GitHub\web\io2life\plugins\datepicker\locales\bootstrap-datepicker.sw.js <-- io2better /var/www/html/io2life/plugins/datepicker/locales bootstrap-datepicker.sw.js
117.05.13 07:19 B F:\GitHub\web\io2life\plugins\datepicker\locales\bootstrap-datepicker.th.js <-- io2better /var/www/html/io2life/plugins/datepicker/locales bootstrap-datepicker.th.js
117.05.13 07:19 B F:\GitHub\web\io2life\plugins\datepicker\locales\bootstrap-datepicker.tr.js <-- io2better /var/www/html/io2life/plugins/datepicker/locales bootstrap-datepicker.tr.js
117.05.13 07:19 B F:\GitHub\web\io2life\plugins\datepicker\locales\bootstrap-datepicker.ua.js <-- io2better /var/www/html/io2life/plugins/datepicker/locales bootstrap-datepicker.ua.js
117.05.13 07:19 B F:\GitHub\web\io2life\plugins\datepicker\locales\bootstrap-datepicker.vi.js <-- io2better /var/www/html/io2life/plugins/datepicker/locales bootstrap-datepicker.vi.js
117.05.13 07:19 B F:\GitHub\web\io2life\plugins\datepicker\locales\bootstrap-datepicker.zh-CN.js <-- io2better /var/www/html/io2life/plugins/datepicker/locales bootstrap-datepicker.zh-CN.js
117.05.13 07:19 B F:\GitHub\web\io2life\plugins\datepicker\locales\bootstrap-datepicker.zh-TW.js <-- io2better /var/www/html/io2life/plugins/datepicker/locales bootstrap-datepicker.zh-TW.js
117.05.13 07:21 B F:\GitHub\web\io2life\plugins\datepicker\locales\bootstrap-datepicker.ar.js --> io2better.net /var/www/html/plugins/datepicker/locales bootstrap-datepicker.ar.js
117.05.13 07:21 B F:\GitHub\web\io2life\plugins\datepicker\locales\bootstrap-datepicker.az.js --> io2better.net /var/www/html/plugins/datepicker/locales bootstrap-datepicker.az.js
117.05.13 07:21 B F:\GitHub\web\io2life\plugins\datepicker\locales\bootstrap-datepicker.bg.js --> io2better.net /var/www/html/plugins/datepicker/locales bootstrap-datepicker.bg.js
117.05.13 07:21 B F:\GitHub\web\io2life\plugins\datepicker\locales\bootstrap-datepicker.ca.js --> io2better.net /var/www/html/plugins/datepicker/locales bootstrap-datepicker.ca.js
117.05.13 07:21 B F:\GitHub\web\io2life\plugins\datepicker\locales\bootstrap-datepicker.cs.js --> io2better.net /var/www/html/plugins/datepicker/locales bootstrap-datepicker.cs.js
117.05.13 07:21 B F:\GitHub\web\io2life\plugins\datepicker\locales\bootstrap-datepicker.cy.js --> io2better.net /var/www/html/plugins/datepicker/locales bootstrap-datepicker.cy.js
117.05.13 07:21 B F:\GitHub\web\io2life\plugins\datepicker\locales\bootstrap-datepicker.da.js --> io2better.net /var/www/html/plugins/datepicker/locales bootstrap-datepicker.da.js
117.05.13 07:21 B F:\GitHub\web\io2life\plugins\datepicker\locales\bootstrap-datepicker.de.js --> io2better.net /var/www/html/plugins/datepicker/locales bootstrap-datepicker.de.js
117.05.13 07:21 B F:\GitHub\web\io2life\plugins\datepicker\locales\bootstrap-datepicker.el.js --> io2better.net /var/www/html/plugins/datepicker/locales bootstrap-datepicker.el.js
117.05.13 07:21 B F:\GitHub\web\io2life\plugins\datepicker\locales\bootstrap-datepicker.es.js --> io2better.net /var/www/html/plugins/datepicker/locales bootstrap-datepicker.es.js
117.05.13 07:21 B F:\GitHub\web\io2life\plugins\datepicker\locales\bootstrap-datepicker.et.js --> io2better.net /var/www/html/plugins/datepicker/locales bootstrap-datepicker.et.js
117.05.13 07:21 B F:\GitHub\web\io2life\plugins\datepicker\locales\bootstrap-datepicker.fa.js --> io2better.net /var/www/html/plugins/datepicker/locales bootstrap-datepicker.fa.js
117.05.13 07:21 B F:\GitHub\web\io2life\plugins\datepicker\locales\bootstrap-datepicker.fi.js --> io2better.net /var/www/html/plugins/datepicker/locales bootstrap-datepicker.fi.js
117.05.13 07:21 B F:\GitHub\web\io2life\plugins\datepicker\locales\bootstrap-datepicker.fr.js --> io2better.net /var/www/html/plugins/datepicker/locales bootstrap-datepicker.fr.js
117.05.13 07:21 B F:\GitHub\web\io2life\plugins\datepicker\locales\bootstrap-datepicker.gl.js --> io2better.net /var/www/html/plugins/datepicker/locales bootstrap-datepicker.gl.js
117.05.13 07:21 B F:\GitHub\web\io2life\plugins\datepicker\locales\bootstrap-datepicker.he.js --> io2better.net /var/www/html/plugins/datepicker/locales bootstrap-datepicker.he.js
117.05.13 07:21 B F:\GitHub\web\io2life\plugins\datepicker\locales\bootstrap-datepicker.hr.js --> io2better.net /var/www/html/plugins/datepicker/locales bootstrap-datepicker.hr.js
117.05.13 07:21 B F:\GitHub\web\io2life\plugins\datepicker\locales\bootstrap-datepicker.hu.js --> io2better.net /var/www/html/plugins/datepicker/locales bootstrap-datepicker.hu.js
117.05.13 07:21 B F:\GitHub\web\io2life\plugins\datepicker\locales\bootstrap-datepicker.id.js --> io2better.net /var/www/html/plugins/datepicker/locales bootstrap-datepicker.id.js
117.05.13 07:21 B F:\GitHub\web\io2life\plugins\datepicker\locales\bootstrap-datepicker.is.js --> io2better.net /var/www/html/plugins/datepicker/locales bootstrap-datepicker.is.js
117.05.13 07:21 B F:\GitHub\web\io2life\plugins\datepicker\locales\bootstrap-datepicker.it.js --> io2better.net /var/www/html/plugins/datepicker/locales bootstrap-datepicker.it.js
117.05.13 07:21 B F:\GitHub\web\io2life\plugins\datepicker\locales\bootstrap-datepicker.ja.js --> io2better.net /var/www/html/plugins/datepicker/locales bootstrap-datepicker.ja.js
117.05.13 07:21 B F:\GitHub\web\io2life\plugins\datepicker\locales\bootstrap-datepicker.ka.js --> io2better.net /var/www/html/plugins/datepicker/locales bootstrap-datepicker.ka.js
117.05.13 07:21 B F:\GitHub\web\io2life\plugins\datepicker\locales\bootstrap-datepicker.kk.js --> io2better.net /var/www/html/plugins/datepicker/locales bootstrap-datepicker.kk.js
117.05.13 07:21 B F:\GitHub\web\io2life\plugins\datepicker\locales\bootstrap-datepicker.kr.js --> io2better.net /var/www/html/plugins/datepicker/locales bootstrap-datepicker.kr.js
117.05.13 07:21 B F:\GitHub\web\io2life\plugins\datepicker\locales\bootstrap-datepicker.lt.js --> io2better.net /var/www/html/plugins/datepicker/locales bootstrap-datepicker.lt.js
117.05.13 07:21 B F:\GitHub\web\io2life\plugins\datepicker\locales\bootstrap-datepicker.lv.js --> io2better.net /var/www/html/plugins/datepicker/locales bootstrap-datepicker.lv.js
117.05.13 07:21 B F:\GitHub\web\io2life\plugins\datepicker\locales\bootstrap-datepicker.mk.js --> io2better.net /var/www/html/plugins/datepicker/locales bootstrap-datepicker.mk.js
117.05.13 07:21 B F:\GitHub\web\io2life\plugins\datepicker\locales\bootstrap-datepicker.ms.js --> io2better.net /var/www/html/plugins/datepicker/locales bootstrap-datepicker.ms.js
117.05.13 07:21 B F:\GitHub\web\io2life\plugins\datepicker\locales\bootstrap-datepicker.nb.js --> io2better.net /var/www/html/plugins/datepicker/locales bootstrap-datepicker.nb.js
117.05.13 07:21 B F:\GitHub\web\io2life\plugins\datepicker\locales\bootstrap-datepicker.nl-BE.js --> io2better.net /var/www/html/plugins/datepicker/locales bootstrap-datepicker.nl-BE.js
117.05.13 07:21 B F:\GitHub\web\io2life\plugins\datepicker\locales\bootstrap-datepicker.nl.js --> io2better.net /var/www/html/plugins/datepicker/locales bootstrap-datepicker.nl.js
117.05.13 07:21 B F:\GitHub\web\io2life\plugins\datepicker\locales\bootstrap-datepicker.no.js --> io2better.net /var/www/html/plugins/datepicker/locales bootstrap-datepicker.no.js
117.05.13 07:21 B F:\GitHub\web\io2life\plugins\datepicker\locales\bootstrap-datepicker.pl.js --> io2better.net /var/www/html/plugins/datepicker/locales bootstrap-datepicker.pl.js
117.05.13 07:21 B F:\GitHub\web\io2life\plugins\datepicker\locales\bootstrap-datepicker.pt-BR.js --> io2better.net /var/www/html/plugins/datepicker/locales bootstrap-datepicker.pt-BR.js
117.05.13 07:21 B F:\GitHub\web\io2life\plugins\datepicker\locales\bootstrap-datepicker.pt.js --> io2better.net /var/www/html/plugins/datepicker/locales bootstrap-datepicker.pt.js
117.05.13 07:21 B F:\GitHub\web\io2life\plugins\datepicker\locales\bootstrap-datepicker.ro.js --> io2better.net /var/www/html/plugins/datepicker/locales bootstrap-datepicker.ro.js
117.05.13 07:21 B F:\GitHub\web\io2life\plugins\datepicker\locales\bootstrap-datepicker.rs-latin.js --> io2better.net /var/www/html/plugins/datepicker/locales bootstrap-datepicker.rs-latin.js
117.05.13 07:21 B F:\GitHub\web\io2life\plugins\datepicker\locales\bootstrap-datepicker.rs.js --> io2better.net /var/www/html/plugins/datepicker/locales bootstrap-datepicker.rs.js
117.05.13 07:21 B F:\GitHub\web\io2life\plugins\datepicker\locales\bootstrap-datepicker.ru.js --> io2better.net /var/www/html/plugins/datepicker/locales bootstrap-datepicker.ru.js
117.05.13 07:21 B F:\GitHub\web\io2life\plugins\datepicker\locales\bootstrap-datepicker.sk.js --> io2better.net /var/www/html/plugins/datepicker/locales bootstrap-datepicker.sk.js
117.05.13 07:21 B F:\GitHub\web\io2life\plugins\datepicker\locales\bootstrap-datepicker.sl.js --> io2better.net /var/www/html/plugins/datepicker/locales bootstrap-datepicker.sl.js
117.05.13 07:21 B F:\GitHub\web\io2life\plugins\datepicker\locales\bootstrap-datepicker.sq.js --> io2better.net /var/www/html/plugins/datepicker/locales bootstrap-datepicker.sq.js
117.05.13 07:21 B F:\GitHub\web\io2life\plugins\datepicker\locales\bootstrap-datepicker.sv.js --> io2better.net /var/www/html/plugins/datepicker/locales bootstrap-datepicker.sv.js
117.05.13 07:21 B F:\GitHub\web\io2life\plugins\datepicker\locales\bootstrap-datepicker.sw.js --> io2better.net /var/www/html/plugins/datepicker/locales bootstrap-datepicker.sw.js
117.05.13 07:21 B F:\GitHub\web\io2life\plugins\datepicker\locales\bootstrap-datepicker.th.js --> io2better.net /var/www/html/plugins/datepicker/locales bootstrap-datepicker.th.js
117.05.13 07:21 B F:\GitHub\web\io2life\plugins\datepicker\locales\bootstrap-datepicker.tr.js --> io2better.net /var/www/html/plugins/datepicker/locales bootstrap-datepicker.tr.js
117.05.13 07:21 B F:\GitHub\web\io2life\plugins\datepicker\locales\bootstrap-datepicker.ua.js --> io2better.net /var/www/html/plugins/datepicker/locales bootstrap-datepicker.ua.js
117.05.13 07:21 B F:\GitHub\web\io2life\plugins\datepicker\locales\bootstrap-datepicker.vi.js --> io2better.net /var/www/html/plugins/datepicker/locales bootstrap-datepicker.vi.js
117.05.13 07:21 B F:\GitHub\web\io2life\plugins\datepicker\locales\bootstrap-datepicker.zh-CN.js --> io2better.net /var/www/html/plugins/datepicker/locales bootstrap-datepicker.zh-CN.js
117.05.13 07:21 B F:\GitHub\web\io2life\plugins\datepicker\locales\bootstrap-datepicker.zh-TW.js --> io2better.net /var/www/html/plugins/datepicker/locales bootstrap-datepicker.zh-TW.js
117.05.13 07:21 B F:\GitHub\web\io2life\plugins\datepicker\locales\WS_FTP.LOG --> io2better.net /var/www/html/plugins/datepicker/locales WS_FTP.LOG
