117.05.13 07:19 B F:\GitHub\web\io2life\assets\font-awesome\scss\_animated.scss <-- io2better /var/www/html/io2life/assets/font-awesome/scss _animated.scss
117.05.13 07:19 B F:\GitHub\web\io2life\assets\font-awesome\scss\_bordered-pulled.scss <-- io2better /var/www/html/io2life/assets/font-awesome/scss _bordered-pulled.scss
117.05.13 07:19 B F:\GitHub\web\io2life\assets\font-awesome\scss\_core.scss <-- io2better /var/www/html/io2life/assets/font-awesome/scss _core.scss
117.05.13 07:19 B F:\GitHub\web\io2life\assets\font-awesome\scss\_fixed-width.scss <-- io2better /var/www/html/io2life/assets/font-awesome/scss _fixed-width.scss
117.05.13 07:19 B F:\GitHub\web\io2life\assets\font-awesome\scss\_icons.scss <-- io2better /var/www/html/io2life/assets/font-awesome/scss _icons.scss
117.05.13 07:19 B F:\GitHub\web\io2life\assets\font-awesome\scss\_larger.scss <-- io2better /var/www/html/io2life/assets/font-awesome/scss _larger.scss
117.05.13 07:19 B F:\GitHub\web\io2life\assets\font-awesome\scss\_list.scss <-- io2better /var/www/html/io2life/assets/font-awesome/scss _list.scss
117.05.13 07:19 B F:\GitHub\web\io2life\assets\font-awesome\scss\_mixins.scss <-- io2better /var/www/html/io2life/assets/font-awesome/scss _mixins.scss
117.05.13 07:19 B F:\GitHub\web\io2life\assets\font-awesome\scss\_path.scss <-- io2better /var/www/html/io2life/assets/font-awesome/scss _path.scss
117.05.13 07:19 B F:\GitHub\web\io2life\assets\font-awesome\scss\_rotated-flipped.scss <-- io2better /var/www/html/io2life/assets/font-awesome/scss _rotated-flipped.scss
117.05.13 07:19 B F:\GitHub\web\io2life\assets\font-awesome\scss\_stacked.scss <-- io2better /var/www/html/io2life/assets/font-awesome/scss _stacked.scss
117.05.13 07:19 B F:\GitHub\web\io2life\assets\font-awesome\scss\_variables.scss <-- io2better /var/www/html/io2life/assets/font-awesome/scss _variables.scss
117.05.13 07:19 B F:\GitHub\web\io2life\assets\font-awesome\scss\font-awesome.scss <-- io2better /var/www/html/io2life/assets/font-awesome/scss font-awesome.scss
117.05.13 07:20 B F:\GitHub\web\io2life\assets\font-awesome\scss\_animated.scss --> io2better.net /var/www/html/assets/font-awesome/scss _animated.scss
117.05.13 07:20 B F:\GitHub\web\io2life\assets\font-awesome\scss\_bordered-pulled.scss --> io2better.net /var/www/html/assets/font-awesome/scss _bordered-pulled.scss
117.05.13 07:20 B F:\GitHub\web\io2life\assets\font-awesome\scss\_core.scss --> io2better.net /var/www/html/assets/font-awesome/scss _core.scss
117.05.13 07:20 B F:\GitHub\web\io2life\assets\font-awesome\scss\_fixed-width.scss --> io2better.net /var/www/html/assets/font-awesome/scss _fixed-width.scss
117.05.13 07:20 B F:\GitHub\web\io2life\assets\font-awesome\scss\_icons.scss --> io2better.net /var/www/html/assets/font-awesome/scss _icons.scss
117.05.13 07:20 B F:\GitHub\web\io2life\assets\font-awesome\scss\_larger.scss --> io2better.net /var/www/html/assets/font-awesome/scss _larger.scss
117.05.13 07:20 B F:\GitHub\web\io2life\assets\font-awesome\scss\_list.scss --> io2better.net /var/www/html/assets/font-awesome/scss _list.scss
117.05.13 07:20 B F:\GitHub\web\io2life\assets\font-awesome\scss\_mixins.scss --> io2better.net /var/www/html/assets/font-awesome/scss _mixins.scss
117.05.13 07:20 B F:\GitHub\web\io2life\assets\font-awesome\scss\_path.scss --> io2better.net /var/www/html/assets/font-awesome/scss _path.scss
117.05.13 07:20 B F:\GitHub\web\io2life\assets\font-awesome\scss\_rotated-flipped.scss --> io2better.net /var/www/html/assets/font-awesome/scss _rotated-flipped.scss
117.05.13 07:20 B F:\GitHub\web\io2life\assets\font-awesome\scss\_stacked.scss --> io2better.net /var/www/html/assets/font-awesome/scss _stacked.scss
117.05.13 07:20 B F:\GitHub\web\io2life\assets\font-awesome\scss\_variables.scss --> io2better.net /var/www/html/assets/font-awesome/scss _variables.scss
117.05.13 07:20 B F:\GitHub\web\io2life\assets\font-awesome\scss\font-awesome.scss --> io2better.net /var/www/html/assets/font-awesome/scss font-awesome.scss
117.05.13 07:20 B F:\GitHub\web\io2life\assets\font-awesome\scss\WS_FTP.LOG --> io2better.net /var/www/html/assets/font-awesome/scss WS_FTP.LOG
117.05.16 06:44 B F:\GitHub\web\io2life\assets\font-awesome\scss\_animated.scss --> io2better.net /var/www/html/assets/font-awesome/scss _animated.scss
117.05.16 06:44 B F:\GitHub\web\io2life\assets\font-awesome\scss\_bordered-pulled.scss --> io2better.net /var/www/html/assets/font-awesome/scss _bordered-pulled.scss
117.05.16 06:44 B F:\GitHub\web\io2life\assets\font-awesome\scss\_core.scss --> io2better.net /var/www/html/assets/font-awesome/scss _core.scss
117.05.16 06:44 B F:\GitHub\web\io2life\assets\font-awesome\scss\_fixed-width.scss --> io2better.net /var/www/html/assets/font-awesome/scss _fixed-width.scss
117.05.16 06:44 B F:\GitHub\web\io2life\assets\font-awesome\scss\_icons.scss --> io2better.net /var/www/html/assets/font-awesome/scss _icons.scss
117.05.16 06:44 B F:\GitHub\web\io2life\assets\font-awesome\scss\_larger.scss --> io2better.net /var/www/html/assets/font-awesome/scss _larger.scss
117.05.16 06:44 B F:\GitHub\web\io2life\assets\font-awesome\scss\_list.scss --> io2better.net /var/www/html/assets/font-awesome/scss _list.scss
117.05.16 06:44 B F:\GitHub\web\io2life\assets\font-awesome\scss\_mixins.scss --> io2better.net /var/www/html/assets/font-awesome/scss _mixins.scss
117.05.16 06:44 B F:\GitHub\web\io2life\assets\font-awesome\scss\_path.scss --> io2better.net /var/www/html/assets/font-awesome/scss _path.scss
117.05.16 06:44 B F:\GitHub\web\io2life\assets\font-awesome\scss\_rotated-flipped.scss --> io2better.net /var/www/html/assets/font-awesome/scss _rotated-flipped.scss
117.05.16 06:44 B F:\GitHub\web\io2life\assets\font-awesome\scss\_stacked.scss --> io2better.net /var/www/html/assets/font-awesome/scss _stacked.scss
117.05.16 06:44 B F:\GitHub\web\io2life\assets\font-awesome\scss\_variables.scss --> io2better.net /var/www/html/assets/font-awesome/scss _variables.scss
117.05.16 06:44 B F:\GitHub\web\io2life\assets\font-awesome\scss\font-awesome.scss --> io2better.net /var/www/html/assets/font-awesome/scss font-awesome.scss
