117.05.13 07:19 B F:\GitHub\web\io2life\plugins\select2\i18n\ar.js <-- io2better /var/www/html/io2life/plugins/select2/i18n ar.js
117.05.13 07:19 B F:\GitHub\web\io2life\plugins\select2\i18n\az.js <-- io2better /var/www/html/io2life/plugins/select2/i18n az.js
117.05.13 07:19 B F:\GitHub\web\io2life\plugins\select2\i18n\bg.js <-- io2better /var/www/html/io2life/plugins/select2/i18n bg.js
117.05.13 07:19 B F:\GitHub\web\io2life\plugins\select2\i18n\ca.js <-- io2better /var/www/html/io2life/plugins/select2/i18n ca.js
117.05.13 07:19 B F:\GitHub\web\io2life\plugins\select2\i18n\cs.js <-- io2better /var/www/html/io2life/plugins/select2/i18n cs.js
117.05.13 07:19 B F:\GitHub\web\io2life\plugins\select2\i18n\da.js <-- io2better /var/www/html/io2life/plugins/select2/i18n da.js
117.05.13 07:19 B F:\GitHub\web\io2life\plugins\select2\i18n\de.js <-- io2better /var/www/html/io2life/plugins/select2/i18n de.js
117.05.13 07:19 B F:\GitHub\web\io2life\plugins\select2\i18n\el.js <-- io2better /var/www/html/io2life/plugins/select2/i18n el.js
117.05.13 07:19 B F:\GitHub\web\io2life\plugins\select2\i18n\en.js <-- io2better /var/www/html/io2life/plugins/select2/i18n en.js
117.05.13 07:19 B F:\GitHub\web\io2life\plugins\select2\i18n\es.js <-- io2better /var/www/html/io2life/plugins/select2/i18n es.js
117.05.13 07:19 B F:\GitHub\web\io2life\plugins\select2\i18n\et.js <-- io2better /var/www/html/io2life/plugins/select2/i18n et.js
117.05.13 07:19 B F:\GitHub\web\io2life\plugins\select2\i18n\eu.js <-- io2better /var/www/html/io2life/plugins/select2/i18n eu.js
117.05.13 07:19 B F:\GitHub\web\io2life\plugins\select2\i18n\fa.js <-- io2better /var/www/html/io2life/plugins/select2/i18n fa.js
117.05.13 07:19 B F:\GitHub\web\io2life\plugins\select2\i18n\fi.js <-- io2better /var/www/html/io2life/plugins/select2/i18n fi.js
117.05.13 07:19 B F:\GitHub\web\io2life\plugins\select2\i18n\fr.js <-- io2better /var/www/html/io2life/plugins/select2/i18n fr.js
117.05.13 07:19 B F:\GitHub\web\io2life\plugins\select2\i18n\gl.js <-- io2better /var/www/html/io2life/plugins/select2/i18n gl.js
117.05.13 07:19 B F:\GitHub\web\io2life\plugins\select2\i18n\he.js <-- io2better /var/www/html/io2life/plugins/select2/i18n he.js
117.05.13 07:19 B F:\GitHub\web\io2life\plugins\select2\i18n\hi.js <-- io2better /var/www/html/io2life/plugins/select2/i18n hi.js
117.05.13 07:19 B F:\GitHub\web\io2life\plugins\select2\i18n\hr.js <-- io2better /var/www/html/io2life/plugins/select2/i18n hr.js
117.05.13 07:19 B F:\GitHub\web\io2life\plugins\select2\i18n\hu.js <-- io2better /var/www/html/io2life/plugins/select2/i18n hu.js
117.05.13 07:19 B F:\GitHub\web\io2life\plugins\select2\i18n\id.js <-- io2better /var/www/html/io2life/plugins/select2/i18n id.js
117.05.13 07:19 B F:\GitHub\web\io2life\plugins\select2\i18n\is.js <-- io2better /var/www/html/io2life/plugins/select2/i18n is.js
117.05.13 07:19 B F:\GitHub\web\io2life\plugins\select2\i18n\it.js <-- io2better /var/www/html/io2life/plugins/select2/i18n it.js
117.05.13 07:19 B F:\GitHub\web\io2life\plugins\select2\i18n\ja.js <-- io2better /var/www/html/io2life/plugins/select2/i18n ja.js
117.05.13 07:19 B F:\GitHub\web\io2life\plugins\select2\i18n\km.js <-- io2better /var/www/html/io2life/plugins/select2/i18n km.js
117.05.13 07:19 B F:\GitHub\web\io2life\plugins\select2\i18n\ko.js <-- io2better /var/www/html/io2life/plugins/select2/i18n ko.js
117.05.13 07:19 B F:\GitHub\web\io2life\plugins\select2\i18n\lt.js <-- io2better /var/www/html/io2life/plugins/select2/i18n lt.js
117.05.13 07:19 B F:\GitHub\web\io2life\plugins\select2\i18n\lv.js <-- io2better /var/www/html/io2life/plugins/select2/i18n lv.js
117.05.13 07:19 B F:\GitHub\web\io2life\plugins\select2\i18n\mk.js <-- io2better /var/www/html/io2life/plugins/select2/i18n mk.js
117.05.13 07:19 B F:\GitHub\web\io2life\plugins\select2\i18n\ms.js <-- io2better /var/www/html/io2life/plugins/select2/i18n ms.js
117.05.13 07:19 B F:\GitHub\web\io2life\plugins\select2\i18n\nb.js <-- io2better /var/www/html/io2life/plugins/select2/i18n nb.js
117.05.13 07:19 B F:\GitHub\web\io2life\plugins\select2\i18n\nl.js <-- io2better /var/www/html/io2life/plugins/select2/i18n nl.js
117.05.13 07:19 B F:\GitHub\web\io2life\plugins\select2\i18n\pl.js <-- io2better /var/www/html/io2life/plugins/select2/i18n pl.js
117.05.13 07:19 B F:\GitHub\web\io2life\plugins\select2\i18n\pt-BR.js <-- io2better /var/www/html/io2life/plugins/select2/i18n pt-BR.js
117.05.13 07:19 B F:\GitHub\web\io2life\plugins\select2\i18n\pt.js <-- io2better /var/www/html/io2life/plugins/select2/i18n pt.js
117.05.13 07:19 B F:\GitHub\web\io2life\plugins\select2\i18n\ro.js <-- io2better /var/www/html/io2life/plugins/select2/i18n ro.js
117.05.13 07:19 B F:\GitHub\web\io2life\plugins\select2\i18n\ru.js <-- io2better /var/www/html/io2life/plugins/select2/i18n ru.js
117.05.13 07:19 B F:\GitHub\web\io2life\plugins\select2\i18n\sk.js <-- io2better /var/www/html/io2life/plugins/select2/i18n sk.js
117.05.13 07:19 B F:\GitHub\web\io2life\plugins\select2\i18n\sr-Cyrl.js <-- io2better /var/www/html/io2life/plugins/select2/i18n sr-Cyrl.js
117.05.13 07:19 B F:\GitHub\web\io2life\plugins\select2\i18n\sr.js <-- io2better /var/www/html/io2life/plugins/select2/i18n sr.js
117.05.13 07:19 B F:\GitHub\web\io2life\plugins\select2\i18n\sv.js <-- io2better /var/www/html/io2life/plugins/select2/i18n sv.js
117.05.13 07:19 B F:\GitHub\web\io2life\plugins\select2\i18n\th.js <-- io2better /var/www/html/io2life/plugins/select2/i18n th.js
117.05.13 07:19 B F:\GitHub\web\io2life\plugins\select2\i18n\tr.js <-- io2better /var/www/html/io2life/plugins/select2/i18n tr.js
117.05.13 07:19 B F:\GitHub\web\io2life\plugins\select2\i18n\uk.js <-- io2better /var/www/html/io2life/plugins/select2/i18n uk.js
117.05.13 07:19 B F:\GitHub\web\io2life\plugins\select2\i18n\vi.js <-- io2better /var/www/html/io2life/plugins/select2/i18n vi.js
117.05.13 07:19 B F:\GitHub\web\io2life\plugins\select2\i18n\zh-CN.js <-- io2better /var/www/html/io2life/plugins/select2/i18n zh-CN.js
117.05.13 07:19 B F:\GitHub\web\io2life\plugins\select2\i18n\zh-TW.js <-- io2better /var/www/html/io2life/plugins/select2/i18n zh-TW.js
117.05.13 07:21 B F:\GitHub\web\io2life\plugins\select2\i18n\ar.js --> io2better.net /var/www/html/plugins/select2/i18n ar.js
117.05.13 07:21 B F:\GitHub\web\io2life\plugins\select2\i18n\az.js --> io2better.net /var/www/html/plugins/select2/i18n az.js
117.05.13 07:21 B F:\GitHub\web\io2life\plugins\select2\i18n\bg.js --> io2better.net /var/www/html/plugins/select2/i18n bg.js
117.05.13 07:21 B F:\GitHub\web\io2life\plugins\select2\i18n\ca.js --> io2better.net /var/www/html/plugins/select2/i18n ca.js
117.05.13 07:21 B F:\GitHub\web\io2life\plugins\select2\i18n\cs.js --> io2better.net /var/www/html/plugins/select2/i18n cs.js
117.05.13 07:21 B F:\GitHub\web\io2life\plugins\select2\i18n\da.js --> io2better.net /var/www/html/plugins/select2/i18n da.js
117.05.13 07:21 B F:\GitHub\web\io2life\plugins\select2\i18n\de.js --> io2better.net /var/www/html/plugins/select2/i18n de.js
117.05.13 07:21 B F:\GitHub\web\io2life\plugins\select2\i18n\el.js --> io2better.net /var/www/html/plugins/select2/i18n el.js
117.05.13 07:21 B F:\GitHub\web\io2life\plugins\select2\i18n\en.js --> io2better.net /var/www/html/plugins/select2/i18n en.js
117.05.13 07:21 B F:\GitHub\web\io2life\plugins\select2\i18n\es.js --> io2better.net /var/www/html/plugins/select2/i18n es.js
117.05.13 07:21 B F:\GitHub\web\io2life\plugins\select2\i18n\et.js --> io2better.net /var/www/html/plugins/select2/i18n et.js
117.05.13 07:21 B F:\GitHub\web\io2life\plugins\select2\i18n\eu.js --> io2better.net /var/www/html/plugins/select2/i18n eu.js
117.05.13 07:21 B F:\GitHub\web\io2life\plugins\select2\i18n\fa.js --> io2better.net /var/www/html/plugins/select2/i18n fa.js
117.05.13 07:21 B F:\GitHub\web\io2life\plugins\select2\i18n\fi.js --> io2better.net /var/www/html/plugins/select2/i18n fi.js
117.05.13 07:21 B F:\GitHub\web\io2life\plugins\select2\i18n\fr.js --> io2better.net /var/www/html/plugins/select2/i18n fr.js
117.05.13 07:21 B F:\GitHub\web\io2life\plugins\select2\i18n\gl.js --> io2better.net /var/www/html/plugins/select2/i18n gl.js
117.05.13 07:21 B F:\GitHub\web\io2life\plugins\select2\i18n\he.js --> io2better.net /var/www/html/plugins/select2/i18n he.js
117.05.13 07:21 B F:\GitHub\web\io2life\plugins\select2\i18n\hi.js --> io2better.net /var/www/html/plugins/select2/i18n hi.js
117.05.13 07:21 B F:\GitHub\web\io2life\plugins\select2\i18n\hr.js --> io2better.net /var/www/html/plugins/select2/i18n hr.js
117.05.13 07:21 B F:\GitHub\web\io2life\plugins\select2\i18n\hu.js --> io2better.net /var/www/html/plugins/select2/i18n hu.js
117.05.13 07:21 B F:\GitHub\web\io2life\plugins\select2\i18n\id.js --> io2better.net /var/www/html/plugins/select2/i18n id.js
117.05.13 07:21 B F:\GitHub\web\io2life\plugins\select2\i18n\is.js --> io2better.net /var/www/html/plugins/select2/i18n is.js
117.05.13 07:21 B F:\GitHub\web\io2life\plugins\select2\i18n\it.js --> io2better.net /var/www/html/plugins/select2/i18n it.js
117.05.13 07:21 B F:\GitHub\web\io2life\plugins\select2\i18n\ja.js --> io2better.net /var/www/html/plugins/select2/i18n ja.js
117.05.13 07:21 B F:\GitHub\web\io2life\plugins\select2\i18n\km.js --> io2better.net /var/www/html/plugins/select2/i18n km.js
117.05.13 07:21 B F:\GitHub\web\io2life\plugins\select2\i18n\ko.js --> io2better.net /var/www/html/plugins/select2/i18n ko.js
117.05.13 07:21 B F:\GitHub\web\io2life\plugins\select2\i18n\lt.js --> io2better.net /var/www/html/plugins/select2/i18n lt.js
117.05.13 07:21 B F:\GitHub\web\io2life\plugins\select2\i18n\lv.js --> io2better.net /var/www/html/plugins/select2/i18n lv.js
117.05.13 07:21 B F:\GitHub\web\io2life\plugins\select2\i18n\mk.js --> io2better.net /var/www/html/plugins/select2/i18n mk.js
117.05.13 07:21 B F:\GitHub\web\io2life\plugins\select2\i18n\ms.js --> io2better.net /var/www/html/plugins/select2/i18n ms.js
117.05.13 07:21 B F:\GitHub\web\io2life\plugins\select2\i18n\nb.js --> io2better.net /var/www/html/plugins/select2/i18n nb.js
117.05.13 07:21 B F:\GitHub\web\io2life\plugins\select2\i18n\nl.js --> io2better.net /var/www/html/plugins/select2/i18n nl.js
117.05.13 07:21 B F:\GitHub\web\io2life\plugins\select2\i18n\pl.js --> io2better.net /var/www/html/plugins/select2/i18n pl.js
117.05.13 07:21 B F:\GitHub\web\io2life\plugins\select2\i18n\pt-BR.js --> io2better.net /var/www/html/plugins/select2/i18n pt-BR.js
117.05.13 07:21 B F:\GitHub\web\io2life\plugins\select2\i18n\pt.js --> io2better.net /var/www/html/plugins/select2/i18n pt.js
117.05.13 07:21 B F:\GitHub\web\io2life\plugins\select2\i18n\ro.js --> io2better.net /var/www/html/plugins/select2/i18n ro.js
117.05.13 07:21 B F:\GitHub\web\io2life\plugins\select2\i18n\ru.js --> io2better.net /var/www/html/plugins/select2/i18n ru.js
117.05.13 07:21 B F:\GitHub\web\io2life\plugins\select2\i18n\sk.js --> io2better.net /var/www/html/plugins/select2/i18n sk.js
117.05.13 07:21 B F:\GitHub\web\io2life\plugins\select2\i18n\sr-Cyrl.js --> io2better.net /var/www/html/plugins/select2/i18n sr-Cyrl.js
117.05.13 07:21 B F:\GitHub\web\io2life\plugins\select2\i18n\sr.js --> io2better.net /var/www/html/plugins/select2/i18n sr.js
117.05.13 07:21 B F:\GitHub\web\io2life\plugins\select2\i18n\sv.js --> io2better.net /var/www/html/plugins/select2/i18n sv.js
117.05.13 07:21 B F:\GitHub\web\io2life\plugins\select2\i18n\th.js --> io2better.net /var/www/html/plugins/select2/i18n th.js
117.05.13 07:21 B F:\GitHub\web\io2life\plugins\select2\i18n\tr.js --> io2better.net /var/www/html/plugins/select2/i18n tr.js
117.05.13 07:21 B F:\GitHub\web\io2life\plugins\select2\i18n\uk.js --> io2better.net /var/www/html/plugins/select2/i18n uk.js
117.05.13 07:21 B F:\GitHub\web\io2life\plugins\select2\i18n\vi.js --> io2better.net /var/www/html/plugins/select2/i18n vi.js
117.05.13 07:21 B F:\GitHub\web\io2life\plugins\select2\i18n\WS_FTP.LOG --> io2better.net /var/www/html/plugins/select2/i18n WS_FTP.LOG
117.05.13 07:21 B F:\GitHub\web\io2life\plugins\select2\i18n\zh-CN.js --> io2better.net /var/www/html/plugins/select2/i18n zh-CN.js
117.05.13 07:21 B F:\GitHub\web\io2life\plugins\select2\i18n\zh-TW.js --> io2better.net /var/www/html/plugins/select2/i18n zh-TW.js
117.05.16 06:45 B F:\GitHub\web\io2life\plugins\select2\i18n\ar.js --> io2better.net /var/www/html/plugins/select2/i18n ar.js
117.05.16 06:45 B F:\GitHub\web\io2life\plugins\select2\i18n\az.js --> io2better.net /var/www/html/plugins/select2/i18n az.js
117.05.16 06:45 B F:\GitHub\web\io2life\plugins\select2\i18n\bg.js --> io2better.net /var/www/html/plugins/select2/i18n bg.js
117.05.16 06:45 B F:\GitHub\web\io2life\plugins\select2\i18n\ca.js --> io2better.net /var/www/html/plugins/select2/i18n ca.js
117.05.16 06:45 B F:\GitHub\web\io2life\plugins\select2\i18n\cs.js --> io2better.net /var/www/html/plugins/select2/i18n cs.js
117.05.16 06:45 B F:\GitHub\web\io2life\plugins\select2\i18n\da.js --> io2better.net /var/www/html/plugins/select2/i18n da.js
117.05.16 06:45 B F:\GitHub\web\io2life\plugins\select2\i18n\de.js --> io2better.net /var/www/html/plugins/select2/i18n de.js
117.05.16 06:45 B F:\GitHub\web\io2life\plugins\select2\i18n\el.js --> io2better.net /var/www/html/plugins/select2/i18n el.js
117.05.16 06:45 B F:\GitHub\web\io2life\plugins\select2\i18n\en.js --> io2better.net /var/www/html/plugins/select2/i18n en.js
117.05.16 06:45 B F:\GitHub\web\io2life\plugins\select2\i18n\es.js --> io2better.net /var/www/html/plugins/select2/i18n es.js
117.05.16 06:45 B F:\GitHub\web\io2life\plugins\select2\i18n\et.js --> io2better.net /var/www/html/plugins/select2/i18n et.js
117.05.16 06:45 B F:\GitHub\web\io2life\plugins\select2\i18n\eu.js --> io2better.net /var/www/html/plugins/select2/i18n eu.js
117.05.16 06:45 B F:\GitHub\web\io2life\plugins\select2\i18n\fa.js --> io2better.net /var/www/html/plugins/select2/i18n fa.js
117.05.16 06:45 B F:\GitHub\web\io2life\plugins\select2\i18n\fi.js --> io2better.net /var/www/html/plugins/select2/i18n fi.js
117.05.16 06:45 B F:\GitHub\web\io2life\plugins\select2\i18n\fr.js --> io2better.net /var/www/html/plugins/select2/i18n fr.js
117.05.16 06:45 B F:\GitHub\web\io2life\plugins\select2\i18n\gl.js --> io2better.net /var/www/html/plugins/select2/i18n gl.js
117.05.16 06:45 B F:\GitHub\web\io2life\plugins\select2\i18n\he.js --> io2better.net /var/www/html/plugins/select2/i18n he.js
117.05.16 06:45 B F:\GitHub\web\io2life\plugins\select2\i18n\hi.js --> io2better.net /var/www/html/plugins/select2/i18n hi.js
117.05.16 06:45 B F:\GitHub\web\io2life\plugins\select2\i18n\hr.js --> io2better.net /var/www/html/plugins/select2/i18n hr.js
117.05.16 06:45 B F:\GitHub\web\io2life\plugins\select2\i18n\hu.js --> io2better.net /var/www/html/plugins/select2/i18n hu.js
117.05.16 06:45 B F:\GitHub\web\io2life\plugins\select2\i18n\id.js --> io2better.net /var/www/html/plugins/select2/i18n id.js
117.05.16 06:45 B F:\GitHub\web\io2life\plugins\select2\i18n\is.js --> io2better.net /var/www/html/plugins/select2/i18n is.js
117.05.16 06:45 B F:\GitHub\web\io2life\plugins\select2\i18n\it.js --> io2better.net /var/www/html/plugins/select2/i18n it.js
117.05.16 06:45 B F:\GitHub\web\io2life\plugins\select2\i18n\ja.js --> io2better.net /var/www/html/plugins/select2/i18n ja.js
117.05.16 06:45 B F:\GitHub\web\io2life\plugins\select2\i18n\km.js --> io2better.net /var/www/html/plugins/select2/i18n km.js
117.05.16 06:45 B F:\GitHub\web\io2life\plugins\select2\i18n\ko.js --> io2better.net /var/www/html/plugins/select2/i18n ko.js
117.05.16 06:45 B F:\GitHub\web\io2life\plugins\select2\i18n\lt.js --> io2better.net /var/www/html/plugins/select2/i18n lt.js
117.05.16 06:45 B F:\GitHub\web\io2life\plugins\select2\i18n\lv.js --> io2better.net /var/www/html/plugins/select2/i18n lv.js
117.05.16 06:45 B F:\GitHub\web\io2life\plugins\select2\i18n\mk.js --> io2better.net /var/www/html/plugins/select2/i18n mk.js
117.05.16 06:45 B F:\GitHub\web\io2life\plugins\select2\i18n\ms.js --> io2better.net /var/www/html/plugins/select2/i18n ms.js
117.05.16 06:45 B F:\GitHub\web\io2life\plugins\select2\i18n\nb.js --> io2better.net /var/www/html/plugins/select2/i18n nb.js
117.05.16 06:45 B F:\GitHub\web\io2life\plugins\select2\i18n\nl.js --> io2better.net /var/www/html/plugins/select2/i18n nl.js
117.05.16 06:45 B F:\GitHub\web\io2life\plugins\select2\i18n\pl.js --> io2better.net /var/www/html/plugins/select2/i18n pl.js
117.05.16 06:45 B F:\GitHub\web\io2life\plugins\select2\i18n\pt-BR.js --> io2better.net /var/www/html/plugins/select2/i18n pt-BR.js
117.05.16 06:45 B F:\GitHub\web\io2life\plugins\select2\i18n\pt.js --> io2better.net /var/www/html/plugins/select2/i18n pt.js
117.05.16 06:45 B F:\GitHub\web\io2life\plugins\select2\i18n\ro.js --> io2better.net /var/www/html/plugins/select2/i18n ro.js
117.05.16 06:45 B F:\GitHub\web\io2life\plugins\select2\i18n\ru.js --> io2better.net /var/www/html/plugins/select2/i18n ru.js
117.05.16 06:45 B F:\GitHub\web\io2life\plugins\select2\i18n\sk.js --> io2better.net /var/www/html/plugins/select2/i18n sk.js
117.05.16 06:45 B F:\GitHub\web\io2life\plugins\select2\i18n\sr-Cyrl.js --> io2better.net /var/www/html/plugins/select2/i18n sr-Cyrl.js
117.05.16 06:45 B F:\GitHub\web\io2life\plugins\select2\i18n\sr.js --> io2better.net /var/www/html/plugins/select2/i18n sr.js
117.05.16 06:45 B F:\GitHub\web\io2life\plugins\select2\i18n\sv.js --> io2better.net /var/www/html/plugins/select2/i18n sv.js
117.05.16 06:45 B F:\GitHub\web\io2life\plugins\select2\i18n\th.js --> io2better.net /var/www/html/plugins/select2/i18n th.js
117.05.16 06:45 B F:\GitHub\web\io2life\plugins\select2\i18n\tr.js --> io2better.net /var/www/html/plugins/select2/i18n tr.js
117.05.16 06:45 B F:\GitHub\web\io2life\plugins\select2\i18n\uk.js --> io2better.net /var/www/html/plugins/select2/i18n uk.js
117.05.16 06:45 B F:\GitHub\web\io2life\plugins\select2\i18n\vi.js --> io2better.net /var/www/html/plugins/select2/i18n vi.js
