117.05.13 07:19 B F:\GitHub\web\io2life\assets\font-awesome\less\animated.less <-- io2better /var/www/html/io2life/assets/font-awesome/less animated.less
117.05.13 07:19 B F:\GitHub\web\io2life\assets\font-awesome\less\bordered-pulled.less <-- io2better /var/www/html/io2life/assets/font-awesome/less bordered-pulled.less
117.05.13 07:19 B F:\GitHub\web\io2life\assets\font-awesome\less\core.less <-- io2better /var/www/html/io2life/assets/font-awesome/less core.less
117.05.13 07:19 B F:\GitHub\web\io2life\assets\font-awesome\less\fixed-width.less <-- io2better /var/www/html/io2life/assets/font-awesome/less fixed-width.less
117.05.13 07:19 B F:\GitHub\web\io2life\assets\font-awesome\less\font-awesome.less <-- io2better /var/www/html/io2life/assets/font-awesome/less font-awesome.less
117.05.13 07:19 B F:\GitHub\web\io2life\assets\font-awesome\less\icons.less <-- io2better /var/www/html/io2life/assets/font-awesome/less icons.less
117.05.13 07:19 B F:\GitHub\web\io2life\assets\font-awesome\less\larger.less <-- io2better /var/www/html/io2life/assets/font-awesome/less larger.less
117.05.13 07:19 B F:\GitHub\web\io2life\assets\font-awesome\less\list.less <-- io2better /var/www/html/io2life/assets/font-awesome/less list.less
117.05.13 07:19 B F:\GitHub\web\io2life\assets\font-awesome\less\mixins.less <-- io2better /var/www/html/io2life/assets/font-awesome/less mixins.less
117.05.13 07:19 B F:\GitHub\web\io2life\assets\font-awesome\less\path.less <-- io2better /var/www/html/io2life/assets/font-awesome/less path.less
117.05.13 07:19 B F:\GitHub\web\io2life\assets\font-awesome\less\rotated-flipped.less <-- io2better /var/www/html/io2life/assets/font-awesome/less rotated-flipped.less
117.05.13 07:19 B F:\GitHub\web\io2life\assets\font-awesome\less\stacked.less <-- io2better /var/www/html/io2life/assets/font-awesome/less stacked.less
117.05.13 07:19 B F:\GitHub\web\io2life\assets\font-awesome\less\variables.less <-- io2better /var/www/html/io2life/assets/font-awesome/less variables.less
117.05.13 07:20 B F:\GitHub\web\io2life\assets\font-awesome\less\animated.less --> io2better.net /var/www/html/assets/font-awesome/less animated.less
117.05.13 07:20 B F:\GitHub\web\io2life\assets\font-awesome\less\bordered-pulled.less --> io2better.net /var/www/html/assets/font-awesome/less bordered-pulled.less
117.05.13 07:20 B F:\GitHub\web\io2life\assets\font-awesome\less\core.less --> io2better.net /var/www/html/assets/font-awesome/less core.less
117.05.13 07:20 B F:\GitHub\web\io2life\assets\font-awesome\less\fixed-width.less --> io2better.net /var/www/html/assets/font-awesome/less fixed-width.less
117.05.13 07:20 B F:\GitHub\web\io2life\assets\font-awesome\less\font-awesome.less --> io2better.net /var/www/html/assets/font-awesome/less font-awesome.less
117.05.13 07:20 B F:\GitHub\web\io2life\assets\font-awesome\less\icons.less --> io2better.net /var/www/html/assets/font-awesome/less icons.less
117.05.13 07:20 B F:\GitHub\web\io2life\assets\font-awesome\less\larger.less --> io2better.net /var/www/html/assets/font-awesome/less larger.less
117.05.13 07:20 B F:\GitHub\web\io2life\assets\font-awesome\less\list.less --> io2better.net /var/www/html/assets/font-awesome/less list.less
117.05.13 07:20 B F:\GitHub\web\io2life\assets\font-awesome\less\mixins.less --> io2better.net /var/www/html/assets/font-awesome/less mixins.less
117.05.13 07:20 B F:\GitHub\web\io2life\assets\font-awesome\less\path.less --> io2better.net /var/www/html/assets/font-awesome/less path.less
117.05.13 07:20 B F:\GitHub\web\io2life\assets\font-awesome\less\rotated-flipped.less --> io2better.net /var/www/html/assets/font-awesome/less rotated-flipped.less
117.05.13 07:20 B F:\GitHub\web\io2life\assets\font-awesome\less\stacked.less --> io2better.net /var/www/html/assets/font-awesome/less stacked.less
117.05.13 07:20 B F:\GitHub\web\io2life\assets\font-awesome\less\variables.less --> io2better.net /var/www/html/assets/font-awesome/less variables.less
117.05.13 07:20 B F:\GitHub\web\io2life\assets\font-awesome\less\WS_FTP.LOG --> io2better.net /var/www/html/assets/font-awesome/less WS_FTP.LOG
117.05.16 06:44 B F:\GitHub\web\io2life\assets\font-awesome\less\animated.less --> io2better.net /var/www/html/assets/font-awesome/less animated.less
117.05.16 06:44 B F:\GitHub\web\io2life\assets\font-awesome\less\bordered-pulled.less --> io2better.net /var/www/html/assets/font-awesome/less bordered-pulled.less
117.05.16 06:44 B F:\GitHub\web\io2life\assets\font-awesome\less\core.less --> io2better.net /var/www/html/assets/font-awesome/less core.less
117.05.16 06:44 B F:\GitHub\web\io2life\assets\font-awesome\less\fixed-width.less --> io2better.net /var/www/html/assets/font-awesome/less fixed-width.less
117.05.16 06:44 B F:\GitHub\web\io2life\assets\font-awesome\less\font-awesome.less --> io2better.net /var/www/html/assets/font-awesome/less font-awesome.less
117.05.16 06:44 B F:\GitHub\web\io2life\assets\font-awesome\less\icons.less --> io2better.net /var/www/html/assets/font-awesome/less icons.less
117.05.16 06:44 B F:\GitHub\web\io2life\assets\font-awesome\less\larger.less --> io2better.net /var/www/html/assets/font-awesome/less larger.less
117.05.16 06:44 B F:\GitHub\web\io2life\assets\font-awesome\less\list.less --> io2better.net /var/www/html/assets/font-awesome/less list.less
117.05.16 06:44 B F:\GitHub\web\io2life\assets\font-awesome\less\mixins.less --> io2better.net /var/www/html/assets/font-awesome/less mixins.less
117.05.16 06:44 B F:\GitHub\web\io2life\assets\font-awesome\less\path.less --> io2better.net /var/www/html/assets/font-awesome/less path.less
117.05.16 06:44 B F:\GitHub\web\io2life\assets\font-awesome\less\rotated-flipped.less --> io2better.net /var/www/html/assets/font-awesome/less rotated-flipped.less
117.05.16 06:44 B F:\GitHub\web\io2life\assets\font-awesome\less\stacked.less --> io2better.net /var/www/html/assets/font-awesome/less stacked.less
117.05.16 06:44 B F:\GitHub\web\io2life\assets\font-awesome\less\variables.less --> io2better.net /var/www/html/assets/font-awesome/less variables.less
