117.05.13 07:19 B F:\GitHub\web\io2life\assets\font-awesome\fonts\fontawesome-webfont.eot <-- io2better /var/www/html/io2life/assets/font-awesome/fonts fontawesome-webfont.eot
117.05.13 07:19 B F:\GitHub\web\io2life\assets\font-awesome\fonts\fontawesome-webfont.svg <-- io2better /var/www/html/io2life/assets/font-awesome/fonts fontawesome-webfont.svg
117.05.13 07:19 B F:\GitHub\web\io2life\assets\font-awesome\fonts\fontawesome-webfont.ttf <-- io2better /var/www/html/io2life/assets/font-awesome/fonts fontawesome-webfont.ttf
117.05.13 07:19 B F:\GitHub\web\io2life\assets\font-awesome\fonts\fontawesome-webfont.woff <-- io2better /var/www/html/io2life/assets/font-awesome/fonts fontawesome-webfont.woff
117.05.13 07:19 B F:\GitHub\web\io2life\assets\font-awesome\fonts\fontawesome-webfont.woff2 <-- io2better /var/www/html/io2life/assets/font-awesome/fonts fontawesome-webfont.woff2
117.05.13 07:19 B F:\GitHub\web\io2life\assets\font-awesome\fonts\FontAwesome.otf <-- io2better /var/www/html/io2life/assets/font-awesome/fonts FontAwesome.otf
117.05.13 07:20 B F:\GitHub\web\io2life\assets\font-awesome\fonts\fontawesome-webfont.eot --> io2better.net /var/www/html/assets/font-awesome/fonts fontawesome-webfont.eot
117.05.13 07:20 B F:\GitHub\web\io2life\assets\font-awesome\fonts\fontawesome-webfont.svg --> io2better.net /var/www/html/assets/font-awesome/fonts fontawesome-webfont.svg
117.05.13 07:20 B F:\GitHub\web\io2life\assets\font-awesome\fonts\fontawesome-webfont.ttf --> io2better.net /var/www/html/assets/font-awesome/fonts fontawesome-webfont.ttf
117.05.13 07:20 B F:\GitHub\web\io2life\assets\font-awesome\fonts\fontawesome-webfont.woff --> io2better.net /var/www/html/assets/font-awesome/fonts fontawesome-webfont.woff
117.05.13 07:20 B F:\GitHub\web\io2life\assets\font-awesome\fonts\fontawesome-webfont.woff2 --> io2better.net /var/www/html/assets/font-awesome/fonts fontawesome-webfont.woff2
117.05.13 07:20 B F:\GitHub\web\io2life\assets\font-awesome\fonts\FontAwesome.otf --> io2better.net /var/www/html/assets/font-awesome/fonts FontAwesome.otf
117.05.13 07:20 B F:\GitHub\web\io2life\assets\font-awesome\fonts\WS_FTP.LOG --> io2better.net /var/www/html/assets/font-awesome/fonts WS_FTP.LOG
117.05.16 06:44 B F:\GitHub\web\io2life\assets\font-awesome\fonts\fontawesome-webfont.eot --> io2better.net /var/www/html/assets/font-awesome/fonts fontawesome-webfont.eot
117.05.16 06:44 B F:\GitHub\web\io2life\assets\font-awesome\fonts\fontawesome-webfont.svg --> io2better.net /var/www/html/assets/font-awesome/fonts fontawesome-webfont.svg
117.05.16 06:44 B F:\GitHub\web\io2life\assets\font-awesome\fonts\fontawesome-webfont.ttf --> io2better.net /var/www/html/assets/font-awesome/fonts fontawesome-webfont.ttf
117.05.16 06:44 B F:\GitHub\web\io2life\assets\font-awesome\fonts\fontawesome-webfont.woff --> io2better.net /var/www/html/assets/font-awesome/fonts fontawesome-webfont.woff
117.05.16 06:44 B F:\GitHub\web\io2life\assets\font-awesome\fonts\fontawesome-webfont.woff2 --> io2better.net /var/www/html/assets/font-awesome/fonts fontawesome-webfont.woff2
117.05.16 06:44 B F:\GitHub\web\io2life\assets\font-awesome\fonts\FontAwesome.otf --> io2better.net /var/www/html/assets/font-awesome/fonts FontAwesome.otf
117.05.16 06:44 B F:\GitHub\web\io2life\assets\font-awesome\fonts\WS_FTP.LOG --> io2better.net /var/www/html/assets/font-awesome/fonts WS_FTP.LOG
