117.05.13 07:18 B F:\GitHub\web\io2life\_sub\chart.js <-- io2better /var/www/html/io2life/_sub chart.js
117.05.13 07:18 B F:\GitHub\web\io2life\_sub\chart.php <-- io2better /var/www/html/io2life/_sub chart.php
117.05.13 07:18 B F:\GitHub\web\io2life\_sub\datepicker_test.php <-- io2better /var/www/html/io2life/_sub datepicker_test.php
117.05.13 07:18 B F:\GitHub\web\io2life\_sub\home_back.php <-- io2better /var/www/html/io2life/_sub home_back.php
117.05.13 07:18 B F:\GitHub\web\io2life\_sub\home_back0413.php <-- io2better /var/www/html/io2life/_sub home_back0413.php
117.05.13 07:18 B F:\GitHub\web\io2life\_sub\org_fpass.php <-- io2better /var/www/html/io2life/_sub org_fpass.php
117.05.13 07:18 B F:\GitHub\web\io2life\_sub\org_index.php <-- io2better /var/www/html/io2life/_sub org_index.php
117.05.13 07:18 B F:\GitHub\web\io2life\_sub\org_resetpass.php <-- io2better /var/www/html/io2life/_sub org_resetpass.php
117.05.13 07:18 B F:\GitHub\web\io2life\_sub\org_signup.php <-- io2better /var/www/html/io2life/_sub org_signup.php
117.05.13 07:18 B F:\GitHub\web\io2life\_sub\tempsettings-b.php <-- io2better /var/www/html/io2life/_sub tempsettings-b.php
117.05.13 07:20 B F:\GitHub\web\io2life\_sub\usersetting_3.php <-- io2better /var/www/html usersetting_3.php
117.05.13 07:20 B F:\GitHub\web\io2life\_sub\chart.js --> io2better.net /var/www/html/_sub chart.js
117.05.13 07:20 B F:\GitHub\web\io2life\_sub\chart.php --> io2better.net /var/www/html/_sub chart.php
117.05.13 07:20 B F:\GitHub\web\io2life\_sub\datepicker_test.php --> io2better.net /var/www/html/_sub datepicker_test.php
117.05.13 07:20 B F:\GitHub\web\io2life\_sub\home_back.php --> io2better.net /var/www/html/_sub home_back.php
117.05.13 07:20 B F:\GitHub\web\io2life\_sub\home_back0413.php --> io2better.net /var/www/html/_sub home_back0413.php
117.05.13 07:20 B F:\GitHub\web\io2life\_sub\org_fpass.php --> io2better.net /var/www/html/_sub org_fpass.php
117.05.13 07:20 B F:\GitHub\web\io2life\_sub\org_index.php --> io2better.net /var/www/html/_sub org_index.php
117.05.13 07:20 B F:\GitHub\web\io2life\_sub\org_resetpass.php --> io2better.net /var/www/html/_sub org_resetpass.php
117.05.13 07:20 B F:\GitHub\web\io2life\_sub\org_signup.php --> io2better.net /var/www/html/_sub org_signup.php
117.05.13 07:20 B F:\GitHub\web\io2life\_sub\tempsettings-b.php --> io2better.net /var/www/html/_sub tempsettings-b.php
117.05.13 07:20 B F:\GitHub\web\io2life\_sub\usersetting_3.php --> io2better.net /var/www/html/_sub usersetting_3.php
117.05.13 07:20 B F:\GitHub\web\io2life\_sub\WS_FTP.LOG --> io2better.net /var/www/html/_sub WS_FTP.LOG
